<?xml version="1.0" encoding="UTF-8"?>
<!-- Generated by org.testng.reporters.JUnitReportReporter -->
<testsuite skipped="0" hostname="THR002-AUTO" name="com.org.learningMaven.HelloWorld" tests="1" failures="0" timestamp="07 May 2018 15:30:43 GMT" time="0.015" errors="0">
  <testcase name="Login" time="0.015" classname="com.org.learningMaven.HelloWorld"/>
</testsuite> <!-- com.org.learningMaven.HelloWorld -->
