<?xml version="1.0" encoding="UTF-8"?>
<!-- Generated by org.testng.reporters.JUnitReportReporter -->
<testsuite hostname="THR002-AUTO" name="com.org.learningMaven.HelloWorldTest" tests="1" failures="0" timestamp="7 May 2018 16:55:58 GMT" time="44.320" errors="0">
  <testcase name="Login" time="44.320" classname="com.org.learningMaven.HelloWorldTest"/>
</testsuite> <!-- com.org.learningMaven.HelloWorldTest -->
